<?xml version="1.0" encoding="UTF-8"?>
<!-- Generated by org.testng.reporters.JUnitXMLReporter -->
<testsuite hostname="hp" name="Test_Runner-chrome" tests="3" failures="0" timestamp="18 Jul 2018 18:08:18 GMT" time="0.187" errors="0">
  <testcase name="@BeforeClass configBC" time="0.0" classname="com.acttime.customertest.CustomerTest">
    <failure type="java.lang.IllegalStateException" message="The driver executable does not exist: C:\Users\user\Desktop\eclipse-java-oxygen-1a-win32-x86_64\eclipse\selenium project\‪\selenium project\chromedriver.exe">
      <![CDATA[java.lang.IllegalStateException: The driver executable does not exist: C:\Users\user\Desktop\eclipse-java-oxygen-1a-win32-x86_64\eclipse\selenium project\‪\selenium project\chromedriver.exe
	at com.google.common.base.Preconditions.checkState(Preconditions.java:199)
	at org.openqa.selenium.remote.service.DriverService.checkExecutable(DriverService.java:121)
	at org.openqa.selenium.remote.service.DriverService.findExecutable(DriverService.java:116)
	at org.openqa.selenium.chrome.ChromeDriverService.access$0(ChromeDriverService.java:1)
	at org.openqa.selenium.chrome.ChromeDriverService$Builder.findDefaultExecutable(ChromeDriverService.java:137)
	at org.openqa.selenium.remote.service.DriverService$Builder.build(DriverService.java:296)
	at org.openqa.selenium.chrome.ChromeDriverService.createDefaultService(ChromeDriverService.java:88)
	at org.openqa.selenium.chrome.ChromeDriver.<init>(ChromeDriver.java:116)
	at pac.BaseClass1.configBC(BaseClass1.java:23)
	at java.util.concurrent.FutureTask.run(FutureTask.java:266)
	at java.util.concurrent.ThreadPoolExecutor.runWorker(ThreadPoolExecutor.java:1149)
	at java.util.concurrent.ThreadPoolExecutor$Worker.run(ThreadPoolExecutor.java:624)
	at java.lang.Thread.run(Thread.java:748)
... Removed 16 stack frames]]>
    </failure>
  </testcase> <!-- @BeforeClass configBC -->
  <testcase name="@AfterMethod configAM" time="0.0" classname="com.acttime.customertest.CustomerTest">
    <skipped/>
  </testcase> <!-- @AfterMethod configAM -->
  <testcase name="@AfterMethod configAM" time="0.0" classname="com.acttime.customertest.CustomerTest">
    <skipped/>
  </testcase> <!-- @AfterMethod configAM -->
  <testcase name="@AfterMethod configAM" time="0.0" classname="com.acttime.customertest.CustomerTest">
    <skipped/>
  </testcase> <!-- @AfterMethod configAM -->
  <testcase name="@AfterClass configAC" time="0.0" classname="com.acttime.customertest.CustomerTest">
    <skipped/>
  </testcase> <!-- @AfterClass configAC -->
  <testcase name="CreateCustomerTest" time="0.0" classname="com.acttime.customertest.CustomerTest">
    <skipped/>
  </testcase> <!-- CreateCustomerTest -->
  <testcase name="DeleteCustomerTest" time="0.0" classname="com.acttime.customertest.CustomerTest">
    <skipped/>
  </testcase> <!-- DeleteCustomerTest -->
  <testcase name="ModifyCustomerTest" time="0.0" classname="com.acttime.customertest.CustomerTest">
    <skipped/>
  </testcase> <!-- ModifyCustomerTest -->
</testsuite> <!-- Test_Runner-chrome -->
